<?xml version="1.0" encoding="UTF-8"?>
<!-- Generated by org.testng.reporters.JUnitReportReporter -->
<testsuite skipped="0" hostname="WEIYK-PC" name="com.minnie.learning.selenium.TestNgTest" tests="1" failures="0" timestamp="28 一月 2018 09:35:08 GMT" time="4.806" errors="0">
  <testcase name="testCase" time="4.806" classname="com.minnie.learning.selenium.TestNgTest"/>
</testsuite> <!-- com.minnie.learning.selenium.TestNgTest -->
